ReactNative-Book-Demo-master/02-02-02/HelloReact/android/app/build/intermediates/manifest_merge_blame_file/debug/manifest-merger-blame-debug-report.txt
1<?xml version="1.0" encoding="utf-8"?>
2<manifest xmlns:android="http://schemas.android.com/apk/res/android"
3    package="com.helloreact"
4    android:versionCode="1"
5    android:versionName="1.0" >
6
7    <uses-sdk
7-->src/main/AndroidManifest.xml:9:5-11:41
8        android:minSdkVersion="16"
8-->src/main/AndroidManifest.xml:10:9-35
9        android:targetSdkVersion="30" />
9-->src/main/AndroidManifest.xml:11:9-38
10
11    <uses-permission android:name="android.permission.INTERNET" />
11-->src/main/AndroidManifest.xml:6:5-67
11-->src/main/AndroidManifest.xml:6:22-64
12    <uses-permission android:name="android.permission.SYSTEM_ALERT_WINDOW" />
12-->src/main/AndroidManifest.xml:7:5-77
12-->src/main/AndroidManifest.xml:7:22-75
13
14    <application
14-->src/main/AndroidManifest.xml:13:5-30:19
15        android:name="com.helloreact.MainApplication"
15-->src/main/AndroidManifest.xml:14:7-38
16        android:allowBackup="true"
16-->src/main/AndroidManifest.xml:15:7-33
17        android:debuggable="true"
18        android:icon="@mipmap/ic_launcher"
18-->src/main/AndroidManifest.xml:17:7-41
19        android:label="@string/app_name"
19-->src/main/AndroidManifest.xml:16:7-39
20        android:testOnly="true"
21        android:theme="@style/AppTheme" >
21-->src/main/AndroidManifest.xml:18:7-38
22        <activity
22-->src/main/AndroidManifest.xml:19:7-28:18
23            android:name="com.helloreact.MainActivity"
23-->src/main/AndroidManifest.xml:20:9-37
24            android:configChanges="keyboard|keyboardHidden|orientation|screenSize"
24-->src/main/AndroidManifest.xml:22:9-79
25            android:label="@string/app_name"
25-->src/main/AndroidManifest.xml:21:9-41
26            android:windowSoftInputMode="adjustResize" >
26-->src/main/AndroidManifest.xml:23:9-51
27            <intent-filter>
27-->src/main/AndroidManifest.xml:24:9-27:25
28                <action android:name="android.intent.action.MAIN" />
28-->src/main/AndroidManifest.xml:25:13-65
28-->src/main/AndroidManifest.xml:25:21-62
29
30                <category android:name="android.intent.category.LAUNCHER" />
30-->src/main/AndroidManifest.xml:26:13-73
30-->src/main/AndroidManifest.xml:26:23-70
31            </intent-filter>
32        </activity>
33        <activity android:name="com.facebook.react.devsupport.DevSettingsActivity" />
33-->src/main/AndroidManifest.xml:29:7-84
33-->src/main/AndroidManifest.xml:29:17-81
34    </application>
35
36</manifest>